{"D:\\retoCulqui\\src\\infraestructure\\CreditCardRepositoryImpl.ts": {"path":"D:\\retoCulqui\\src\\infraestructure\\CreditCardRepositoryImpl.ts","statementMap":{"0":{"start":{"line":3,"column":0},"end":{"line":3,"column":52}},"1":{"start":{"line":4,"column":0},"end":{"line":4,"column":50}},"2":{"start":{"line":5,"column":0},"end":{"line":5,"column":43}},"3":{"start":{"line":7,"column":0},"end":{"line":7,"column":52}},"4":{"start":{"line":8,"column":12},"end":{"line":8,"column":33}},"5":{"start":{"line":15,"column":4},"end":{"line":21,"column":null}},"6":{"start":{"line":16,"column":23},"end":{"line":16,"column":54}},"7":{"start":{"line":17,"column":6},"end":{"line":17,"column":22}},"8":{"start":{"line":20,"column":6},"end":{"line":20,"column":63}},"9":{"start":{"line":29,"column":21},"end":{"line":31,"column":null}},"10":{"start":{"line":33,"column":4},"end":{"line":33,"column":53}},"11":{"start":{"line":34,"column":4},"end":{"line":39,"column":null}},"12":{"start":{"line":35,"column":6},"end":{"line":37,"column":null}},"13":{"start":{"line":36,"column":8},"end":{"line":36,"column":24}},"14":{"start":{"line":38,"column":6},"end":{"line":38,"column":62}},"15":{"start":{"line":40,"column":4},"end":{"line":40,"column":56}},"16":{"start":{"line":9,"column":0},"end":{"line":9,"column":13}}},"fnMap":{"0":{"name":"(anonymous_1)","decl":{"start":{"line":14,"column":9},"end":{"line":14,"column":14}},"loc":{"start":{"line":14,"column":51},"end":{"line":22,"column":3}}},"1":{"name":"(anonymous_2)","decl":{"start":{"line":28,"column":9},"end":{"line":28,"column":14}},"loc":{"start":{"line":28,"column":53},"end":{"line":41,"column":3}}}},"branchMap":{"0":{"loc":{"start":{"line":34,"column":4},"end":{"line":39,"column":null}},"type":"if","locations":[{"start":{"line":34,"column":4},"end":{"line":39,"column":null}}]},"1":{"loc":{"start":{"line":35,"column":6},"end":{"line":37,"column":null}},"type":"if","locations":[{"start":{"line":35,"column":6},"end":{"line":37,"column":null}}]}},"s":{"0":1,"1":1,"2":1,"3":1,"4":1,"5":3,"6":3,"7":1,"8":2,"9":2,"10":2,"11":2,"12":1,"13":1,"14":0,"15":1,"16":1},"f":{"0":3,"1":2},"b":{"0":[1],"1":[1]}}
,"D:\\retoCulqui\\src\\models\\CreditCard.model.ts": {"path":"D:\\retoCulqui\\src\\models\\CreditCard.model.ts","statementMap":{"0":{"start":{"line":1,"column":0},"end":{"line":1,"column":32}},"1":{"start":{"line":13,"column":25},"end":{"line":90,"column":null}},"2":{"start":{"line":31,"column":21},"end":{"line":31,"column":67}},"3":{"start":{"line":32,"column":10},"end":{"line":32,"column":30}},"4":{"start":{"line":34,"column":23},"end":{"line":34,"column":109}},"5":{"start":{"line":43,"column":10},"end":{"line":43,"column":76}},"6":{"start":{"line":45,"column":23},"end":{"line":45,"column":57}},"7":{"start":{"line":64,"column":30},"end":{"line":64,"column":40}},"8":{"start":{"line":65,"column":32},"end":{"line":65,"column":61}},"9":{"start":{"line":66,"column":10},"end":{"line":66,"column":38}},"10":{"start":{"line":68,"column":23},"end":{"line":68,"column":43}},"11":{"start":{"line":79,"column":10},"end":{"line":79,"column":39}},"12":{"start":{"line":81,"column":23},"end":{"line":81,"column":49}},"13":{"start":{"line":92,"column":19},"end":{"line":92,"column":93}},"14":{"start":{"line":93,"column":0},"end":{"line":93,"column":26}}},"fnMap":{"0":{"name":"(anonymous_1)","decl":{"start":{"line":30,"column":19},"end":{"line":30,"column":20}},"loc":{"start":{"line":30,"column":35},"end":{"line":33,"column":9}}},"1":{"name":"(anonymous_2)","decl":{"start":{"line":34,"column":17},"end":{"line":34,"column":20}},"loc":{"start":{"line":34,"column":23},"end":{"line":34,"column":109}}},"2":{"name":"(anonymous_3)","decl":{"start":{"line":42,"column":19},"end":{"line":42,"column":20}},"loc":{"start":{"line":42,"column":35},"end":{"line":44,"column":9}}},"3":{"name":"(anonymous_4)","decl":{"start":{"line":45,"column":17},"end":{"line":45,"column":20}},"loc":{"start":{"line":45,"column":23},"end":{"line":45,"column":57}}},"4":{"name":"(anonymous_5)","decl":{"start":{"line":63,"column":19},"end":{"line":63,"column":20}},"loc":{"start":{"line":63,"column":35},"end":{"line":67,"column":9}}},"5":{"name":"(anonymous_6)","decl":{"start":{"line":68,"column":17},"end":{"line":68,"column":20}},"loc":{"start":{"line":68,"column":23},"end":{"line":68,"column":43}}},"6":{"name":"(anonymous_7)","decl":{"start":{"line":78,"column":19},"end":{"line":78,"column":20}},"loc":{"start":{"line":78,"column":35},"end":{"line":80,"column":9}}},"7":{"name":"(anonymous_8)","decl":{"start":{"line":81,"column":17},"end":{"line":81,"column":20}},"loc":{"start":{"line":81,"column":23},"end":{"line":81,"column":49}}}},"branchMap":{"0":{"loc":{"start":{"line":43,"column":17},"end":{"line":43,"column":75}},"type":"binary-expr","locations":[{"start":{"line":43,"column":17},"end":{"line":43,"column":44}},{"start":{"line":43,"column":48},"end":{"line":43,"column":75}}]},"1":{"loc":{"start":{"line":79,"column":17},"end":{"line":79,"column":38}},"type":"binary-expr","locations":[{"start":{"line":79,"column":17},"end":{"line":79,"column":25}},{"start":{"line":79,"column":29},"end":{"line":79,"column":38}}]}},"s":{"0":1,"1":1,"2":3,"3":3,"4":1,"5":3,"6":1,"7":3,"8":3,"9":3,"10":1,"11":3,"12":1,"13":1,"14":1},"f":{"0":3,"1":1,"2":3,"3":1,"4":3,"5":1,"6":3,"7":1},"b":{"0":[3,2],"1":[3,3]}}
}
