TN:
SF:src\infraestructure\CreditCardRepositoryImpl.ts
FN:12,(anonymous_1)
FN:21,(anonymous_2)
FNF:2
FNH:2
FNDA:4,(anonymous_1)
FNDA:3,(anonymous_2)
DA:3,1
DA:4,1
DA:5,1
DA:6,1
DA:7,1
DA:13,4
DA:14,2
DA:22,3
DA:26,3
DA:27,3
DA:28,2
DA:29,1
DA:31,1
DA:33,1
LF:14
LH:14
BRDA:27,0,0,2
BRDA:28,1,0,1
BRF:2
BRH:2
end_of_record
TN:
SF:src\models\CreditCard.model.ts
FN:30,(anonymous_1)
FN:34,(anonymous_2)
FN:42,(anonymous_3)
FN:45,(anonymous_4)
FN:63,(anonymous_5)
FN:68,(anonymous_6)
FN:78,(anonymous_7)
FN:81,(anonymous_8)
FNF:8
FNH:8
FNDA:4,(anonymous_1)
FNDA:1,(anonymous_2)
FNDA:4,(anonymous_3)
FNDA:1,(anonymous_4)
FNDA:4,(anonymous_5)
FNDA:1,(anonymous_6)
FNDA:4,(anonymous_7)
FNDA:1,(anonymous_8)
DA:1,1
DA:13,1
DA:31,4
DA:32,4
DA:34,1
DA:43,4
DA:45,1
DA:64,4
DA:65,4
DA:66,4
DA:68,1
DA:79,4
DA:81,1
DA:92,1
DA:93,1
LF:15
LH:15
BRDA:43,0,0,4
BRDA:43,0,1,3
BRDA:79,1,0,4
BRDA:79,1,1,4
BRF:4
BRH:4
end_of_record
