TN:
SF:src\infraestructure\CreditCardRepositoryImpl.ts
FN:14,(anonymous_1)
FN:28,(anonymous_2)
FNF:2
FNH:2
FNDA:3,(anonymous_1)
FNDA:2,(anonymous_2)
DA:3,1
DA:4,1
DA:5,1
DA:7,1
DA:8,1
DA:9,1
DA:15,3
DA:16,3
DA:17,1
DA:20,2
DA:29,2
DA:33,2
DA:34,2
DA:35,1
DA:36,1
DA:38,0
DA:40,1
LF:17
LH:16
BRDA:34,0,0,1
BRDA:35,1,0,1
BRF:2
BRH:2
end_of_record
TN:
SF:src\models\CreditCard.model.ts
FN:30,(anonymous_1)
FN:34,(anonymous_2)
FN:42,(anonymous_3)
FN:45,(anonymous_4)
FN:63,(anonymous_5)
FN:68,(anonymous_6)
FN:78,(anonymous_7)
FN:81,(anonymous_8)
FNF:8
FNH:8
FNDA:3,(anonymous_1)
FNDA:1,(anonymous_2)
FNDA:3,(anonymous_3)
FNDA:1,(anonymous_4)
FNDA:3,(anonymous_5)
FNDA:1,(anonymous_6)
FNDA:3,(anonymous_7)
FNDA:1,(anonymous_8)
DA:1,1
DA:13,1
DA:31,3
DA:32,3
DA:34,1
DA:43,3
DA:45,1
DA:64,3
DA:65,3
DA:66,3
DA:68,1
DA:79,3
DA:81,1
DA:92,1
DA:93,1
LF:15
LH:15
BRDA:43,0,0,3
BRDA:43,0,1,2
BRDA:79,1,0,3
BRDA:79,1,1,3
BRF:4
BRH:4
end_of_record
